<?xml version="1.0" encoding="UTF-8"?>
<!-- Generated by org.testng.reporters.JUnitXMLReporter -->
<testsuite hostname="AvinashMacBook-Air.local" ignored="0" name="Default test" tests="13" failures="1" timestamp="2024-07-02T15:51:13 IST" time="9.595" errors="0">
  <testcase name="VerifyCompatibleflagWith_InvalidpartNum_ValidregNo" time="3.382" classname="api.test.PartCompatibilityTest"/>
  <testcase name="VerifyCompatibleflagWith_ValidpartNum_InvalidregNo" time="0.331" classname="api.test.PartCompatibilityTest"/>
  <testcase name="VerifyCompatibleflagWith_ValidpartNum_ValidregNo" time="1.352" classname="api.test.PartCompatibilityTest"/>
  <testcase name="VerifyErrorSatusWithValidData" time="0.371" classname="api.test.PartCompatibilityTest"/>
  <testcase name="VerifyErrorWithoutpartNumAndregNumParam" time="0.454" classname="api.test.PartCompatibilityTest"/>
  <testcase name="VerifyErrorWithoutpartNumParam" time="0.379" classname="api.test.PartCompatibilityTest"/>
  <testcase name="VerifyErrorWithoutregNumParam" time="0.308" classname="api.test.PartCompatibilityTest"/>
  <testcase name="VerifyErrorsSatusWithValidData" time="0.308" classname="api.test.PartCompatibilityTest"/>
  <testcase name="VerifyResponseCodeWithValidData" time="0.454" classname="api.test.PartCompatibilityTest"/>
  <testcase name="VerifyResponseCodeWithoutpartNumAndregNumParam" time="0.42" classname="api.test.PartCompatibilityTest"/>
  <testcase name="VerifyResponseCodeWithoutpartNumParam" time="0.444" classname="api.test.PartCompatibilityTest"/>
  <testcase name="VerifyResponseCodeWithoutregNumParam" time="0.395" classname="api.test.PartCompatibilityTest"/>
  <testcase name="VerifyResponseHeaders" time="0.395" classname="api.test.PartCompatibilityTest">
    <failure type="java.lang.AssertionError" message="expected [DEL54-P7] but found [MAA50-C2]">
      <![CDATA[java.lang.AssertionError: expected [DEL54-P7] but found [MAA50-C2]
at org.testng.Assert.fail(Assert.java:99)
at org.testng.Assert.failNotEquals(Assert.java:1037)
at org.testng.Assert.assertEqualsImpl(Assert.java:140)
at org.testng.Assert.assertEquals(Assert.java:122)
at org.testng.Assert.assertEquals(Assert.java:629)
at org.testng.Assert.assertEquals(Assert.java:639)
at api.test.PartCompatibilityTest.VerifyResponseHeaders(PartCompatibilityTest.java:174)
at sun.reflect.NativeMethodAccessorImpl.invoke0(Native Method)
at sun.reflect.NativeMethodAccessorImpl.invoke(NativeMethodAccessorImpl.java:62)
at sun.reflect.DelegatingMethodAccessorImpl.invoke(DelegatingMethodAccessorImpl.java:43)
at java.lang.reflect.Method.invoke(Method.java:498)
at org.testng.internal.MethodInvocationHelper.invokeMethod(MethodInvocationHelper.java:133)
at org.testng.internal.TestInvoker.invokeMethod(TestInvoker.java:598)
at org.testng.internal.TestInvoker.invokeTestMethod(TestInvoker.java:173)
at org.testng.internal.MethodRunner.runInSequence(MethodRunner.java:46)
at org.testng.internal.TestInvoker$MethodInvocationAgent.invoke(TestInvoker.java:824)
at org.testng.internal.TestInvoker.invokeTestMethods(TestInvoker.java:146)
at org.testng.internal.TestMethodWorker.invokeTestMethods(TestMethodWorker.java:146)
at org.testng.internal.TestMethodWorker.run(TestMethodWorker.java:128)
at java.util.ArrayList.forEach(ArrayList.java:1257)
at org.testng.TestRunner.privateRun(TestRunner.java:794)
at org.testng.TestRunner.run(TestRunner.java:596)
at org.testng.SuiteRunner.runTest(SuiteRunner.java:377)
at org.testng.SuiteRunner.runSequentially(SuiteRunner.java:371)
at org.testng.SuiteRunner.privateRun(SuiteRunner.java:332)
at org.testng.SuiteRunner.run(SuiteRunner.java:276)
at org.testng.SuiteRunnerWorker.runSuite(SuiteRunnerWorker.java:53)
at org.testng.SuiteRunnerWorker.run(SuiteRunnerWorker.java:96)
at org.testng.TestNG.runSuitesSequentially(TestNG.java:1212)
at org.testng.TestNG.runSuitesLocally(TestNG.java:1134)
at org.testng.TestNG.runSuites(TestNG.java:1063)
at org.testng.TestNG.run(TestNG.java:1031)
at org.testng.remote.AbstractRemoteTestNG.run(AbstractRemoteTestNG.java:115)
at org.testng.remote.RemoteTestNG.initAndRun(RemoteTestNG.java:251)
at org.testng.remote.RemoteTestNG.main(RemoteTestNG.java:77)
]]>
    </failure>
  </testcase> <!-- VerifyResponseHeaders -->
</testsuite> <!-- Default test -->
