<?xml version="1.0" encoding="UTF-8"?>
<testng-results skipped="0" failed="1" ignored="0" total="13" passed="12">
  <reporter-output>
  </reporter-output>
  <suite name="Default suite" duration-ms="9595" started-at="2024-07-02T15:51:04 IST" finished-at="2024-07-02T15:51:13 IST">
    <groups>
    </groups>
    <test name="Default test" duration-ms="9595" started-at="2024-07-02T15:51:04 IST" finished-at="2024-07-02T15:51:13 IST">
      <class name="api.test.PartCompatibilityTest">
        <test-method status="PASS" signature="setup()[pri:0, instance:api.test.PartCompatibilityTest@612fc6eb]" name="setup" is-config="true" duration-ms="514" started-at="2024-07-02T15:51:04 IST" finished-at="2024-07-02T15:51:04 IST">
          <reporter-output>
          </reporter-output>
        </test-method> <!-- setup -->
        <test-method status="PASS" signature="VerifyCompatibleflagWith_InvalidpartNum_ValidregNo()[pri:0, instance:api.test.PartCompatibilityTest@612fc6eb]" name="VerifyCompatibleflagWith_InvalidpartNum_ValidregNo" duration-ms="3382" started-at="2024-07-02T15:51:04 IST" finished-at="2024-07-02T15:51:08 IST">
          <reporter-output>
          </reporter-output>
        </test-method> <!-- VerifyCompatibleflagWith_InvalidpartNum_ValidregNo -->
        <test-method status="PASS" signature="VerifyCompatibleflagWith_ValidpartNum_InvalidregNo()[pri:0, instance:api.test.PartCompatibilityTest@612fc6eb]" name="VerifyCompatibleflagWith_ValidpartNum_InvalidregNo" duration-ms="331" started-at="2024-07-02T15:51:08 IST" finished-at="2024-07-02T15:51:08 IST">
          <reporter-output>
          </reporter-output>
        </test-method> <!-- VerifyCompatibleflagWith_ValidpartNum_InvalidregNo -->
        <test-method status="PASS" signature="VerifyCompatibleflagWith_ValidpartNum_ValidregNo()[pri:0, instance:api.test.PartCompatibilityTest@612fc6eb]" name="VerifyCompatibleflagWith_ValidpartNum_ValidregNo" duration-ms="1352" started-at="2024-07-02T15:51:08 IST" finished-at="2024-07-02T15:51:09 IST">
          <reporter-output>
          </reporter-output>
        </test-method> <!-- VerifyCompatibleflagWith_ValidpartNum_ValidregNo -->
        <test-method status="PASS" signature="VerifyErrorSatusWithValidData()[pri:0, instance:api.test.PartCompatibilityTest@612fc6eb]" name="VerifyErrorSatusWithValidData" duration-ms="371" started-at="2024-07-02T15:51:09 IST" finished-at="2024-07-02T15:51:10 IST">
          <reporter-output>
          </reporter-output>
        </test-method> <!-- VerifyErrorSatusWithValidData -->
        <test-method status="PASS" signature="VerifyErrorWithoutpartNumAndregNumParam()[pri:0, instance:api.test.PartCompatibilityTest@612fc6eb]" name="VerifyErrorWithoutpartNumAndregNumParam" duration-ms="454" started-at="2024-07-02T15:51:10 IST" finished-at="2024-07-02T15:51:10 IST">
          <reporter-output>
          </reporter-output>
        </test-method> <!-- VerifyErrorWithoutpartNumAndregNumParam -->
        <test-method status="PASS" signature="VerifyErrorWithoutpartNumParam()[pri:0, instance:api.test.PartCompatibilityTest@612fc6eb]" name="VerifyErrorWithoutpartNumParam" duration-ms="379" started-at="2024-07-02T15:51:10 IST" finished-at="2024-07-02T15:51:11 IST">
          <reporter-output>
          </reporter-output>
        </test-method> <!-- VerifyErrorWithoutpartNumParam -->
        <test-method status="PASS" signature="VerifyErrorWithoutregNumParam()[pri:0, instance:api.test.PartCompatibilityTest@612fc6eb]" name="VerifyErrorWithoutregNumParam" duration-ms="308" started-at="2024-07-02T15:51:11 IST" finished-at="2024-07-02T15:51:11 IST">
          <reporter-output>
          </reporter-output>
        </test-method> <!-- VerifyErrorWithoutregNumParam -->
        <test-method status="PASS" signature="VerifyErrorsSatusWithValidData()[pri:0, instance:api.test.PartCompatibilityTest@612fc6eb]" name="VerifyErrorsSatusWithValidData" duration-ms="308" started-at="2024-07-02T15:51:11 IST" finished-at="2024-07-02T15:51:11 IST">
          <reporter-output>
          </reporter-output>
        </test-method> <!-- VerifyErrorsSatusWithValidData -->
        <test-method status="PASS" signature="VerifyResponseCodeWithValidData()[pri:0, instance:api.test.PartCompatibilityTest@612fc6eb]" name="VerifyResponseCodeWithValidData" duration-ms="454" started-at="2024-07-02T15:51:11 IST" finished-at="2024-07-02T15:51:12 IST">
          <reporter-output>
          </reporter-output>
        </test-method> <!-- VerifyResponseCodeWithValidData -->
        <test-method status="PASS" signature="VerifyResponseCodeWithoutpartNumAndregNumParam()[pri:0, instance:api.test.PartCompatibilityTest@612fc6eb]" name="VerifyResponseCodeWithoutpartNumAndregNumParam" duration-ms="420" started-at="2024-07-02T15:51:12 IST" finished-at="2024-07-02T15:51:12 IST">
          <reporter-output>
          </reporter-output>
        </test-method> <!-- VerifyResponseCodeWithoutpartNumAndregNumParam -->
        <test-method status="PASS" signature="VerifyResponseCodeWithoutpartNumParam()[pri:0, instance:api.test.PartCompatibilityTest@612fc6eb]" name="VerifyResponseCodeWithoutpartNumParam" duration-ms="444" started-at="2024-07-02T15:51:12 IST" finished-at="2024-07-02T15:51:13 IST">
          <reporter-output>
          </reporter-output>
        </test-method> <!-- VerifyResponseCodeWithoutpartNumParam -->
        <test-method status="PASS" signature="VerifyResponseCodeWithoutregNumParam()[pri:0, instance:api.test.PartCompatibilityTest@612fc6eb]" name="VerifyResponseCodeWithoutregNumParam" duration-ms="395" started-at="2024-07-02T15:51:13 IST" finished-at="2024-07-02T15:51:13 IST">
          <reporter-output>
          </reporter-output>
        </test-method> <!-- VerifyResponseCodeWithoutregNumParam -->
        <test-method status="FAIL" signature="VerifyResponseHeaders()[pri:0, instance:api.test.PartCompatibilityTest@612fc6eb]" name="VerifyResponseHeaders" duration-ms="395" started-at="2024-07-02T15:51:13 IST" finished-at="2024-07-02T15:51:13 IST">
          <exception class="java.lang.AssertionError">
            <message>
              <![CDATA[expected [DEL54-P7] but found [MAA50-C2]]]>
            </message>
            <full-stacktrace>
              <![CDATA[java.lang.AssertionError: expected [DEL54-P7] but found [MAA50-C2]
at org.testng.Assert.fail(Assert.java:99)
at org.testng.Assert.failNotEquals(Assert.java:1037)
at org.testng.Assert.assertEqualsImpl(Assert.java:140)
at org.testng.Assert.assertEquals(Assert.java:122)
at org.testng.Assert.assertEquals(Assert.java:629)
at org.testng.Assert.assertEquals(Assert.java:639)
at api.test.PartCompatibilityTest.VerifyResponseHeaders(PartCompatibilityTest.java:174)
at sun.reflect.NativeMethodAccessorImpl.invoke0(Native Method)
at sun.reflect.NativeMethodAccessorImpl.invoke(NativeMethodAccessorImpl.java:62)
at sun.reflect.DelegatingMethodAccessorImpl.invoke(DelegatingMethodAccessorImpl.java:43)
at java.lang.reflect.Method.invoke(Method.java:498)
at org.testng.internal.MethodInvocationHelper.invokeMethod(MethodInvocationHelper.java:133)
at org.testng.internal.TestInvoker.invokeMethod(TestInvoker.java:598)
at org.testng.internal.TestInvoker.invokeTestMethod(TestInvoker.java:173)
at org.testng.internal.MethodRunner.runInSequence(MethodRunner.java:46)
at org.testng.internal.TestInvoker$MethodInvocationAgent.invoke(TestInvoker.java:824)
at org.testng.internal.TestInvoker.invokeTestMethods(TestInvoker.java:146)
at org.testng.internal.TestMethodWorker.invokeTestMethods(TestMethodWorker.java:146)
at org.testng.internal.TestMethodWorker.run(TestMethodWorker.java:128)
at java.util.ArrayList.forEach(ArrayList.java:1257)
at org.testng.TestRunner.privateRun(TestRunner.java:794)
at org.testng.TestRunner.run(TestRunner.java:596)
at org.testng.SuiteRunner.runTest(SuiteRunner.java:377)
at org.testng.SuiteRunner.runSequentially(SuiteRunner.java:371)
at org.testng.SuiteRunner.privateRun(SuiteRunner.java:332)
at org.testng.SuiteRunner.run(SuiteRunner.java:276)
at org.testng.SuiteRunnerWorker.runSuite(SuiteRunnerWorker.java:53)
at org.testng.SuiteRunnerWorker.run(SuiteRunnerWorker.java:96)
at org.testng.TestNG.runSuitesSequentially(TestNG.java:1212)
at org.testng.TestNG.runSuitesLocally(TestNG.java:1134)
at org.testng.TestNG.runSuites(TestNG.java:1063)
at org.testng.TestNG.run(TestNG.java:1031)
at org.testng.remote.AbstractRemoteTestNG.run(AbstractRemoteTestNG.java:115)
at org.testng.remote.RemoteTestNG.initAndRun(RemoteTestNG.java:251)
at org.testng.remote.RemoteTestNG.main(RemoteTestNG.java:77)
]]>
            </full-stacktrace>
          </exception> <!-- java.lang.AssertionError -->
          <reporter-output>
          </reporter-output>
        </test-method> <!-- VerifyResponseHeaders -->
      </class> <!-- api.test.PartCompatibilityTest -->
    </test> <!-- Default test -->
  </suite> <!-- Default suite -->
</testng-results>
